<?xml version="1.0" encoding="utf-8"?><testsuites name="pytest tests"><testsuite name="pytest" errors="0" failures="0" skipped="10" tests="76" time="2.138" timestamp="2026-04-12T15:56:21.852704+03:00" hostname="MC9950"><testcase classname="backend.tests.unit.test_admin_utils.TestDefaultSettings" name="test_required_keys_present" time="0.166" /><testcase classname="backend.tests.unit.test_admin_utils.TestDefaultSettings" name="test_ml_config_has_all_params" time="0.000" /><testcase classname="backend.tests.unit.test_admin_utils.TestDefaultSettings" name="test_weights_sum_to_one" time="0.000" /><testcase classname="backend.tests.unit.test_admin_utils.TestDefaultSettings" name="test_soft_weights_in_0_1" time="0.000" /><testcase classname="backend.tests.unit.test_admin_utils.TestGetSystemSetting" name="test_returns_db_value_when_present" time="0.001" /><testcase classname="backend.tests.unit.test_admin_utils.TestGetSystemSetting" name="test_fallback_to_default_when_no_row" time="0.001" /><testcase classname="backend.tests.unit.test_admin_utils.TestGetSystemSetting" name="test_returns_provided_default_for_unknown_key" time="0.001" /><testcase classname="backend.tests.unit.test_evaluator" name="test_compute_hit_status[bullish-100.0-110.0-112.0-98.0-target_hit]" time="0.511" /><testcase classname="backend.tests.unit.test_evaluator" name="test_compute_hit_status[bullish-100.0-110.0-108.5-98.0-near_miss]" time="0.000" /><testcase classname="backend.tests.unit.test_evaluator" name="test_compute_hit_status[bullish-100.0-110.0-105.0-98.0-partial]" time="0.000" /><testcase classname="backend.tests.unit.test_evaluator" name="test_compute_hit_status[bullish-100.0-110.0-103.0-98.0-miss]" time="0.000" /><testcase classname="backend.tests.unit.test_evaluator" name="test_compute_hit_status[bearish-100.0-90.0-102.0-88.0-target_hit]" time="0.000" /><testcase classname="backend.tests.unit.test_evaluator" name="test_compute_hit_status[bearish-100.0-90.0-102.0-91.5-near_miss]" time="0.000" /><testcase classname="backend.tests.unit.test_evaluator" name="test_compute_hit_status[bearish-100.0-90.0-102.0-97.0-miss]" time="0.000" /><testcase classname="backend.tests.unit.test_evaluator" name="test_compute_hit_status_accuracy_range" time="0.000" /><testcase classname="backend.tests.unit.test_evaluator" name="test_compute_hit_status_zero_move" time="0.000" /><testcase classname="backend.tests.unit.test_ml_calib.TestTemporalWeights" name="test_recent_gets_higher_weight" time="0.584" /><testcase classname="backend.tests.unit.test_ml_calib.TestTemporalWeights" name="test_sum_normalised_to_n" time="0.000" /><testcase classname="backend.tests.unit.test_ml_calib.TestTemporalWeights" name="test_handles_none_timestamps" time="0.000" /><testcase classname="backend.tests.unit.test_ml_calib.TestFitIsotonic" name="test_basic_fit_and_shape" time="0.005" /><testcase classname="backend.tests.unit.test_ml_calib.TestFitIsotonic" name="test_soft_labels_accepted" time="0.003" /><testcase classname="backend.tests.unit.test_ml_calib.TestApplyCalibration" name="test_returns_same_shape" time="0.000" /><testcase classname="backend.tests.unit.test_ml_calib.TestApplyCalibration" name="test_values_in_valid_range_stay_valid" time="0.000" /><testcase classname="backend.tests.unit.test_ml_calib.TestApplyCalibration" name="test_fallback_when_no_model" time="0.003" /><testcase classname="backend.tests.unit.test_ml_calib.TestGetMlConfig" name="test_returns_dict" time="0.004" /><testcase classname="backend.tests.unit.test_ml_calib.TestGetMlConfig" name="test_fallback_when_db_unavailable" time="0.001" /><testcase classname="backend.tests.unit.test_ml_calib.TestRunFullCalibration" name="test_global_trains_successfully" time="0.011" /><testcase classname="backend.tests.unit.test_ml_calib.TestRunFullCalibration" name="test_full_calibration_returns_structure" time="0.009" /><testcase classname="backend.tests.unit.test_scoring.TestBlendScores" name="test_weighted_blend" time="0.002" /><testcase classname="backend.tests.unit.test_scoring.TestBlendScores" name="test_output_clamped_to_0_100" time="0.000" /><testcase classname="backend.tests.unit.test_scoring.TestBlendScores" name="test_equal_weights_fallback" time="0.000" /><testcase classname="backend.tests.unit.test_scoring.TestScoreBoundaries" name="test_blend_always_in_range[0.0-0.0]" time="0.000" /><testcase classname="backend.tests.unit.test_scoring.TestScoreBoundaries" name="test_blend_always_in_range[50.0-50.0]" time="0.000" /><testcase classname="backend.tests.unit.test_scoring.TestScoreBoundaries" name="test_blend_always_in_range[100.0-100.0]" time="0.000" /><testcase classname="backend.tests.unit.test_scoring.TestScoreBoundaries" name="test_blend_always_in_range[0.0-100.0]" time="0.000" /><testcase classname="backend.tests.unit.test_scoring.TestScoreBoundaries" name="test_blend_always_in_range[100.0-0.0]" time="0.000" /><testcase classname="backend.tests.integration.test_admin_api.TestAdminStatsEndpoint" name="test_unauthenticated_returns_401" time="0.299" /><testcase classname="backend.tests.integration.test_admin_api.TestAdminStatsEndpoint" name="test_stats_structure" time="0.007"><skipped type="pytest.skip" message="Test admin user not available — run with test DB populated">D:\PivotRadar_Repaired\backend\tests\integration\test_admin_api.py:33: Test admin user not available — run with test DB populated</skipped></testcase><testcase classname="backend.tests.integration.test_admin_api.TestAdminSettingsEndpoint" name="test_get_settings_returns_all_keys" time="0.004"><skipped type="pytest.skip" message="Test admin user not available — run with test DB populated">D:\PivotRadar_Repaired\backend\tests\integration\test_admin_api.py:46: Test admin user not available — run with test DB populated</skipped></testcase><testcase classname="backend.tests.integration.test_admin_api.TestAdminSettingsEndpoint" name="test_update_ml_config" time="0.003"><skipped type="pytest.skip" message="Test admin user not available — run with test DB populated">D:\PivotRadar_Repaired\backend\tests\integration\test_admin_api.py:57: Test admin user not available — run with test DB populated</skipped></testcase><testcase classname="backend.tests.integration.test_admin_api.TestCalibrationModelStatusEndpoint" name="test_model_status_structure" time="0.003"><skipped type="pytest.skip" message="Test admin user not available — run with test DB populated">D:\PivotRadar_Repaired\backend\tests\integration\test_admin_api.py:71: Test admin user not available — run with test DB populated</skipped></testcase><testcase classname="backend.tests.integration.test_admin_api.TestTriggerEndpoints" name="test_trigger_scan_queues_background" time="0.003"><skipped type="pytest.skip" message="Test admin user not available — run with test DB populated">D:\PivotRadar_Repaired\backend\tests\integration\test_admin_api.py:84: Test admin user not available — run with test DB populated</skipped></testcase><testcase classname="backend.tests.integration.test_admin_api.TestTriggerEndpoints" name="test_trigger_calibrate_queues_background" time="0.003"><skipped type="pytest.skip" message="Test admin user not available — run with test DB populated">D:\PivotRadar_Repaired\backend\tests\integration\test_admin_api.py:92: Test admin user not available — run with test DB populated</skipped></testcase><testcase classname="backend.tests.integration.test_admin_api.TestTriggerEndpoints" name="test_trigger_calibrate_profiles_queues_background" time="0.005"><skipped type="pytest.skip" message="Test admin user not available — run with test DB populated">D:\PivotRadar_Repaired\backend\tests\integration\test_admin_api.py:99: Test admin user not available — run with test DB populated</skipped></testcase><testcase classname="backend.tests.integration.test_admin_api.TestLiveEndpoint" name="test_live_endpoint_structure" time="0.024"><skipped type="pytest.skip" message="Test admin user not available — run with test DB populated">D:\PivotRadar_Repaired\backend\tests\integration\test_admin_api.py:108: Test admin user not available — run with test DB populated</skipped></testcase><testcase classname="backend.tests.integration.test_admin_api.TestLiveEndpoint" name="test_system_telemetry_fields" time="0.003"><skipped type="pytest.skip" message="Test admin user not available — run with test DB populated">D:\PivotRadar_Repaired\backend\tests\integration\test_admin_api.py:120: Test admin user not available — run with test DB populated</skipped></testcase><testcase classname="backend.tests.integration.test_auth_api.TestRegistrationAndLogin" name="test_register_missing_fields_rejected" time="0.003" /><testcase classname="backend.tests.integration.test_auth_api.TestRegistrationAndLogin" name="test_login_invalid_credentials_rejected" time="0.004" /><testcase classname="backend.tests.integration.test_auth_api.TestRegistrationAndLogin" name="test_protected_endpoint_requires_token" time="0.003" /><testcase classname="backend.tests.integration.test_auth_api.TestForcePasswordChange" name="test_change_password_without_token_rejected" time="0.003" /><testcase classname="backend.tests.integration.test_auth_api.TestForcePasswordChange" name="test_change_password_too_short_rejected" time="0.003" /><testcase classname="backend.tests.integration.test_auth_api.TestPasswordResetAdmin" name="test_reset_password_returns_temp_pw" time="0.003" /><testcase classname="backend.tests.integration.test_auth_api.TestPasswordResetAdmin" name="test_login_sets_change_password_flag_in_response" time="0.003" /><testcase classname="backend.tests.security.test_auth_security.TestUnauthenticatedAccessBlocked" name="test_no_token_returns_401_or_403[GET-/api/admin/stats]" time="0.003" /><testcase classname="backend.tests.security.test_auth_security.TestUnauthenticatedAccessBlocked" name="test_no_token_returns_401_or_403[GET-/api/admin/users]" time="0.005" /><testcase classname="backend.tests.security.test_auth_security.TestUnauthenticatedAccessBlocked" name="test_no_token_returns_401_or_403[GET-/api/admin/settings]" time="0.003" /><testcase classname="backend.tests.security.test_auth_security.TestUnauthenticatedAccessBlocked" name="test_no_token_returns_401_or_403[POST-/api/admin/settings]" time="0.004" /><testcase classname="backend.tests.security.test_auth_security.TestUnauthenticatedAccessBlocked" name="test_no_token_returns_401_or_403[GET-/api/admin/live]" time="0.006" /><testcase classname="backend.tests.security.test_auth_security.TestUnauthenticatedAccessBlocked" name="test_no_token_returns_401_or_403[GET-/api/admin/logs]" time="0.003" /><testcase classname="backend.tests.security.test_auth_security.TestUnauthenticatedAccessBlocked" name="test_no_token_returns_401_or_403[GET-/api/admin/pipeline/status]" time="0.005" /><testcase classname="backend.tests.security.test_auth_security.TestUnauthenticatedAccessBlocked" name="test_no_token_returns_401_or_403[POST-/api/admin/trigger/scan]" time="0.004" /><testcase classname="backend.tests.security.test_auth_security.TestUnauthenticatedAccessBlocked" name="test_no_token_returns_401_or_403[POST-/api/admin/trigger/calibrate]" time="0.003" /><testcase classname="backend.tests.security.test_auth_security.TestUnauthenticatedAccessBlocked" name="test_no_token_returns_401_or_403[POST-/api/admin/trigger/calibrate-profiles]" time="0.003" /><testcase classname="backend.tests.security.test_auth_security.TestUnauthenticatedAccessBlocked" name="test_no_token_returns_401_or_403[GET-/api/admin/calibration/model-status]" time="0.003" /><testcase classname="backend.tests.security.test_auth_security.TestUnauthenticatedAccessBlocked" name="test_no_token_returns_401_or_403[GET-/api/admin/calibration/report]" time="0.003" /><testcase classname="backend.tests.security.test_auth_security.TestUnauthenticatedAccessBlocked" name="test_no_token_returns_401_or_403[GET-/api/admin/task-history]" time="0.003" /><testcase classname="backend.tests.security.test_auth_security.TestUnauthenticatedAccessBlocked" name="test_no_token_returns_401_or_403[GET-/api/admin/scheduler/status]" time="0.004" /><testcase classname="backend.tests.security.test_auth_security.TestUnauthenticatedAccessBlocked" name="test_user_endpoints_require_auth[GET-/api/users/me]" time="0.003" /><testcase classname="backend.tests.security.test_auth_security.TestUnauthenticatedAccessBlocked" name="test_user_endpoints_require_auth[POST-/api/users/me/change-password]" time="0.003" /><testcase classname="backend.tests.security.test_auth_security.TestTokenManipulation" name="test_malformed_jwt_rejected" time="0.004" /><testcase classname="backend.tests.security.test_auth_security.TestTokenManipulation" name="test_expired_token_rejected" time="0.009" /><testcase classname="backend.tests.security.test_auth_security.TestTokenManipulation" name="test_no_bearer_prefix_rejected" time="0.004" /><testcase classname="backend.tests.security.test_auth_security.TestInputValidation" name="test_sql_injection_in_symbol_param" time="0.003" /><testcase classname="backend.tests.security.test_auth_security.TestInputValidation" name="test_oversized_page_param_rejected" time="0.004" /><testcase classname="backend.tests.security.test_auth_security.TestInputValidation" name="test_xss_in_body_sanitised" time="0.004" /><testcase classname="backend.tests.security.test_auth_security.TestAdminEscalation" name="test_non_admin_cannot_access_admin_endpoints" time="0.004"><skipped type="pytest.skip" message="Regular test user not available">D:\PivotRadar_Repaired\backend\tests\security\test_auth_security.py:99: Regular test user not available</skipped></testcase></testsuite></testsuites>